#
# There is insufficient memory for the Java Runtime Environment to continue.
# Native memory allocation (mmap) failed to map 4194304 bytes for G1 virtual space
# Possible reasons:
#   The system is out of physical RAM or swap space
#   The process is running with CompressedOops enabled, and the Java Heap may be blocking the growth of the native heap
# Possible solutions:
#   Reduce memory load on the system
#   Increase physical memory or swap space
#   Check if swap backing store is full
#   Decrease Java heap size (-Xmx/-Xms)
#   Decrease number of Java threads
#   Decrease Java thread stack sizes (-Xss)
#   Set larger code cache with -XX:ReservedCodeCacheSize=
#   JVM is running with Unscaled Compressed Oops mode in which the Java heap is
#     placed in the first 4GB address space. The Java Heap base address is the
#     maximum limit for the native heap growth. Please use -XX:HeapBaseMinAddress
#     to set the Java Heap base and to place the Java Heap above 4GB virtual address.
# This output file may be truncated or incomplete.
#
#  Out of Memory Error (os_windows.cpp:3613), pid=15160, tid=12088
#
# JRE version: OpenJDK Runtime Environment Corretto-17.0.9.8.1 (17.0.9+8) (build 17.0.9+8-LTS)
# Java VM: OpenJDK 64-Bit Server VM Corretto-17.0.9.8.1 (17.0.9+8-LTS, mixed mode, emulated-client, sharing, tiered, compressed oops, compressed class ptrs, g1 gc, windows-amd64)
# No core dump will be written. Minidumps are not enabled by default on client versions of Windows
#

---------------  S U M M A R Y ------------

Command Line: -XX:TieredStopAtLevel=1 -Dspring.output.ansi.enabled=always -Dcom.sun.management.jmxremote -Dspring.jmx.enabled=true -Dspring.liveBeansView.mbeanDomain -Dspring.application.admin.enabled=true -Dmanagement.endpoints.jmx.exposure.include=* -javaagent:C:\Program Files\JetBrains\IntelliJ IDEA 2022.3.1\lib\idea_rt.jar=49803:C:\Program Files\JetBrains\IntelliJ IDEA 2022.3.1\bin -Dfile.encoding=UTF-8 com.example.taskmanager.TaskManagerApplication

Host: Intel(R) Core(TM) i5-4300M CPU @ 2.60GHz, 4 cores, 3G,  Windows 10 , 64 bit Build 19041 (10.0.19041.3636)
Time: Mon Nov 20 17:56:30 2023 Maroc (heure d64 bit Build 19041 (10.0.19041.3636) elapsed time: 27.045119 seconds (0d 0h 0m 27s)

---------------  T H R E A D  ---------------

Current thread (0x000001b36f18c810):  VMThread "VM Thread" [stack: 0x0000004806500000,0x0000004806600000] [id=12088]

Stack: [0x0000004806500000,0x0000004806600000]
Native frames: (J=compiled Java code, j=interpreted, Vv=VM code, C=native code)
V  [jvm.dll+0x67cb49]
V  [jvm.dll+0x8344da]
V  [jvm.dll+0x835f9e]
V  [jvm.dll+0x836603]
V  [jvm.dll+0x247b5f]
V  [jvm.dll+0x679969]
V  [jvm.dll+0x66e2ba]
V  [jvm.dll+0x307a5b]
V  [jvm.dll+0x30ef06]
V  [jvm.dll+0x35ecee]
V  [jvm.dll+0x35ef1f]
V  [jvm.dll+0x2de658]
V  [jvm.dll+0x2e16d6]
V  [jvm.dll+0x2ebdca]
V  [jvm.dll+0x3200f0]
V  [jvm.dll+0x83aafb]
V  [jvm.dll+0x83b841]
V  [jvm.dll+0x83bd5d]
V  [jvm.dll+0x83c134]
V  [jvm.dll+0x83c200]
V  [jvm.dll+0x7e396a]
V  [jvm.dll+0x67ba35]
C  [ucrtbase.dll+0x21bb2]
C  [KERNEL32.DLL+0x17344]
C  [ntdll.dll+0x526b1]

VM_Operation (0x00000048061ff620): G1PauseRemark, mode: safepoint, requested by thread 0x000001b3600d32f0


---------------  P R O C E S S  ---------------

Threads class SMR info:
_java_thread_list=0x000001b375cb8500, length=32, elements={
0x000001b36f190380, 0x000001b36f191110, 0x000001b36f1a4d70, 0x000001b36f1a5840,
0x000001b36f1a6110, 0x000001b36f1a69e0, 0x000001b36f1a7360, 0x000001b36f1a9420,
0x000001b36f17b640, 0x000001b36f76a7c0, 0x000001b36f76bcb0, 0x000001b36fa73b50,
0x000001b36f8fccf0, 0x000001b36f8fd650, 0x000001b37500e570, 0x000001b37500ea80,
0x000001b37500f4a0, 0x000001b375d5a300, 0x000001b375d57f90, 0x000001b375d589b0,
0x000001b375d58ec0, 0x000001b375d593d0, 0x000001b375d598e0, 0x000001b375d59df0,
0x000001b375d5a810, 0x000001b375d57060, 0x000001b375d57570, 0x000001b375d57a80,
0x000001b375d584a0, 0x000001b375dfa860, 0x000001b375dfdb00, 0x000001b375dfbca0
}

Java Threads: ( => current thread )
  0x000001b36f190380 JavaThread "Reference Handler" daemon [_thread_blocked, id=14440, stack(0x0000004806600000,0x0000004806700000)]
  0x000001b36f191110 JavaThread "Finalizer" daemon [_thread_blocked, id=17752, stack(0x0000004806700000,0x0000004806800000)]
  0x000001b36f1a4d70 JavaThread "Signal Dispatcher" daemon [_thread_blocked, id=9760, stack(0x0000004806900000,0x0000004806a00000)]
  0x000001b36f1a5840 JavaThread "Attach Listener" daemon [_thread_blocked, id=3776, stack(0x0000004806a00000,0x0000004806b00000)]
  0x000001b36f1a6110 JavaThread "Service Thread" daemon [_thread_blocked, id=20000, stack(0x0000004806b00000,0x0000004806c00000)]
  0x000001b36f1a69e0 JavaThread "Monitor Deflation Thread" daemon [_thread_blocked, id=5112, stack(0x0000004806c00000,0x0000004806d00000)]
  0x000001b36f1a7360 JavaThread "C1 CompilerThread0" daemon [_thread_blocked, id=1828, stack(0x0000004806d00000,0x0000004806e00000)]
  0x000001b36f1a9420 JavaThread "Sweeper thread" daemon [_thread_blocked, id=9020, stack(0x0000004806e00000,0x0000004806f00000)]
  0x000001b36f17b640 JavaThread "Common-Cleaner" daemon [_thread_blocked, id=16212, stack(0x0000004806f00000,0x0000004807000000)]
  0x000001b36f76a7c0 JavaThread "Monitor Ctrl-Break" daemon [_thread_in_native, id=5644, stack(0x0000004807100000,0x0000004807200000)]
  0x000001b36f76bcb0 JavaThread "Notification Thread" daemon [_thread_blocked, id=13592, stack(0x0000004807200000,0x0000004807300000)]
  0x000001b36fa73b50 JavaThread "RMI TCP Accept-0" daemon [_thread_in_native, id=9432, stack(0x0000004807300000,0x0000004807400000)]
  0x000001b36f8fccf0 JavaThread "Catalina-utility-1" [_thread_blocked, id=21272, stack(0x0000004807c00000,0x0000004807d00000)]
  0x000001b36f8fd650 JavaThread "Catalina-utility-2" [_thread_blocked, id=6816, stack(0x0000004807d00000,0x0000004807e00000)]
  0x000001b37500e570 JavaThread "container-0" [_thread_blocked, id=16948, stack(0x0000004807e00000,0x0000004807f00000)]
  0x000001b37500ea80 JavaThread "mysql-cj-abandoned-connection-cleanup" daemon [_thread_blocked, id=10304, stack(0x0000004807f00000,0x0000004808000000)]
  0x000001b37500f4a0 JavaThread "HikariPool-1 housekeeper" daemon [_thread_blocked, id=2096, stack(0x0000004808100000,0x0000004808200000)]
  0x000001b375d5a300 JavaThread "File Watcher" daemon [_thread_blocked, id=14936, stack(0x0000004808400000,0x0000004808500000)]
  0x000001b375d57f90 JavaThread "Live Reload Server" daemon [_thread_in_native, id=7068, stack(0x0000004808600000,0x0000004808700000)]
  0x000001b375d589b0 JavaThread "http-nio-8080-exec-1" daemon [_thread_blocked, id=14520, stack(0x0000004808500000,0x0000004808600000)]
  0x000001b375d58ec0 JavaThread "http-nio-8080-exec-2" daemon [_thread_blocked, id=15524, stack(0x0000004808700000,0x0000004808800000)]
  0x000001b375d593d0 JavaThread "http-nio-8080-exec-3" daemon [_thread_blocked, id=16632, stack(0x0000004808800000,0x0000004808900000)]
  0x000001b375d598e0 JavaThread "http-nio-8080-exec-4" daemon [_thread_blocked, id=3460, stack(0x0000004808900000,0x0000004808a00000)]
  0x000001b375d59df0 JavaThread "http-nio-8080-exec-5" daemon [_thread_blocked, id=9064, stack(0x0000004808a00000,0x0000004808b00000)]
  0x000001b375d5a810 JavaThread "http-nio-8080-exec-6" daemon [_thread_blocked, id=12004, stack(0x0000004808b00000,0x0000004808c00000)]
  0x000001b375d57060 JavaThread "http-nio-8080-exec-7" daemon [_thread_blocked, id=11116, stack(0x0000004808c00000,0x0000004808d00000)]
  0x000001b375d57570 JavaThread "http-nio-8080-exec-8" daemon [_thread_blocked, id=2928, stack(0x0000004808d00000,0x0000004808e00000)]
  0x000001b375d57a80 JavaThread "http-nio-8080-exec-9" daemon [_thread_blocked, id=18120, stack(0x0000004808e00000,0x0000004808f00000)]
  0x000001b375d584a0 JavaThread "http-nio-8080-exec-10" daemon [_thread_blocked, id=9992, stack(0x0000004808f00000,0x0000004809000000)]
  0x000001b375dfa860 JavaThread "http-nio-8080-Poller" daemon [_thread_in_native, id=19408, stack(0x0000004809000000,0x0000004809100000)]
  0x000001b375dfdb00 JavaThread "http-nio-8080-Acceptor" daemon [_thread_in_native, id=19940, stack(0x0000004809100000,0x0000004809200000)]
  0x000001b375dfbca0 JavaThread "DestroyJavaVM" [_thread_blocked, id=2196, stack(0x0000004805f00000,0x0000004806000000)]

Other Threads:
=>0x000001b36f18c810 VMThread "VM Thread" [stack: 0x0000004806500000,0x0000004806600000] [id=12088]
  0x000001b36f9df1d0 WatcherThread [stack: 0x0000004807400000,0x0000004807500000] [id=14408]
  0x000001b3600c9d80 GCTaskThread "GC Thread#0" [stack: 0x0000004806000000,0x0000004806100000] [id=12188]
  0x000001b36fa7d160 GCTaskThread "GC Thread#1" [stack: 0x0000004807500000,0x0000004807600000] [id=15652]
  0x000001b36fa946c0 GCTaskThread "GC Thread#2" [stack: 0x0000004807600000,0x0000004807700000] [id=9448]
  0x000001b36fa94980 GCTaskThread "GC Thread#3" [stack: 0x0000004807700000,0x0000004807800000] [id=8008]
  0x000001b3600d32f0 ConcurrentGCThread "G1 Main Marker" [stack: 0x0000004806100000,0x0000004806200000] [id=21260]
  0x000001b3600d4c30 ConcurrentGCThread "G1 Conc#0" [stack: 0x0000004806200000,0x0000004806300000] [id=6332]
  0x000001b36f050490 ConcurrentGCThread "G1 Refine#0" [stack: 0x0000004806300000,0x0000004806400000] [id=1372]
  0x000001b36fa990d0 ConcurrentGCThread "G1 Refine#1" [stack: 0x0000004807800000,0x0000004807900000] [id=5140]
  0x000001b374c8a960 ConcurrentGCThread "G1 Refine#2" [stack: 0x0000004807b00000,0x0000004807c00000] [id=21156]
  0x000001b36f050dd0 ConcurrentGCThread "G1 Service" [stack: 0x0000004806400000,0x0000004806500000] [id=10388]

Threads with active compile tasks:

VM state: at safepoint (normal execution)

VM Mutex/Monitor currently owned by a thread:  ([mutex/lock_event])
[0x000001b360089850] Threads_lock - owner thread: 0x000001b36f18c810
[0x000001b36008a810] Heap_lock - owner thread: 0x000001b3600d32f0

Heap address: 0x00000000c4800000, size: 952 MB, Compressed Oops mode: 32-bit

CDS archive(s) mapped at: [0x000001b300000000-0x000001b300ba0000-0x000001b300ba0000), size 12189696, SharedBaseAddress: 0x000001b300000000, ArchiveRelocationMode: 1.
Compressed class space mapped at: 0x000001b301000000-0x000001b341000000, reserved size: 1073741824
Narrow klass base: 0x000001b300000000, Narrow klass shift: 0, Narrow klass range: 0x100000000

GC Precious Log:
 CPUs: 4 total, 4 available
 Memory: 3806M
 Large Page Support: Disabled
 NUMA Support: Disabled
 Compressed Oops: Enabled (32-bit)
 Heap Region Size: 1M
 Heap Min Capacity: 8M
 Heap Initial Capacity: 60M
 Heap Max Capacity: 952M
 Pre-touch: Disabled
 Parallel Workers: 4
 Concurrent Workers: 1
 Concurrent Refinement Workers: 4
 Periodic GC: Disabled

Heap:
 garbage-first heap   total 51200K, used 30029K [0x00000000c4800000, 0x0000000100000000)
  region size 1024K, 3 young (3072K), 2 survivors (2048K)
 Metaspace       used 63770K, committed 64448K, reserved 1114112K
  class space    used 9162K, committed 9472K, reserved 1048576K

Heap Regions: E=young(eden), S=young(survivor), O=old, HS=humongous(starts), HC=humongous(continues), CS=collection set, F=free, OA=open archive, CA=closed archive, TAMS=top-at-mark-start (previous, next)
|   0|0x00000000c4800000, 0x00000000c4900000, 0x00000000c4900000|100%|HS|  |TAMS 0x00000000c4900000, 0x00000000c4800000| Complete 
|   1|0x00000000c4900000, 0x00000000c4a00000, 0x00000000c4a00000|100%| O|  |TAMS 0x00000000c4a00000, 0x00000000c4900000| Untracked 
|   2|0x00000000c4a00000, 0x00000000c4b00000, 0x00000000c4b00000|100%| O|  |TAMS 0x00000000c4b00000, 0x00000000c4a00000| Untracked 
|   3|0x00000000c4b00000, 0x00000000c4c00000, 0x00000000c4c00000|100%| O|  |TAMS 0x00000000c4c00000, 0x00000000c4b00000| Untracked 
|   4|0x00000000c4c00000, 0x00000000c4d00000, 0x00000000c4d00000|100%| O|  |TAMS 0x00000000c4d00000, 0x00000000c4c00000| Untracked 
|   5|0x00000000c4d00000, 0x00000000c4e00000, 0x00000000c4e00000|100%| O|  |TAMS 0x00000000c4e00000, 0x00000000c4d00000| Untracked 
|   6|0x00000000c4e00000, 0x00000000c4f00000, 0x00000000c4f00000|100%| O|  |TAMS 0x00000000c4f00000, 0x00000000c4e00000| Untracked 
|   7|0x00000000c4f00000, 0x00000000c5000000, 0x00000000c5000000|100%| O|  |TAMS 0x00000000c5000000, 0x00000000c4f00000| Untracked 
|   8|0x00000000c5000000, 0x00000000c5100000, 0x00000000c5100000|100%| O|  |TAMS 0x00000000c5100000, 0x00000000c5000000| Untracked 
|   9|0x00000000c5100000, 0x00000000c5200000, 0x00000000c5200000|100%| O|  |TAMS 0x00000000c5200000, 0x00000000c5100000| Updating 
|  10|0x00000000c5200000, 0x00000000c52e1600, 0x00000000c5300000| 88%| O|  |TAMS 0x00000000c52e1600, 0x00000000c5200000| Updating 
|  11|0x00000000c5300000, 0x00000000c5400000, 0x00000000c5400000|100%| O|  |TAMS 0x00000000c5400000, 0x00000000c5300000| Untracked 
|  12|0x00000000c5400000, 0x00000000c5500000, 0x00000000c5500000|100%| O|  |TAMS 0x00000000c5500000, 0x00000000c5400000| Updating 
|  13|0x00000000c5500000, 0x00000000c5600000, 0x00000000c5600000|100%| O|  |TAMS 0x00000000c5600000, 0x00000000c5500000| Untracked 
|  14|0x00000000c5600000, 0x00000000c5700000, 0x00000000c5700000|100%| O|  |TAMS 0x00000000c5700000, 0x00000000c5600000| Untracked 
|  15|0x00000000c5700000, 0x00000000c5800000, 0x00000000c5800000|100%| O|  |TAMS 0x00000000c5800000, 0x00000000c5700000| Updating 
|  16|0x00000000c5800000, 0x00000000c5900000, 0x00000000c5900000|100%| O|  |TAMS 0x00000000c5900000, 0x00000000c5800000| Untracked 
|  17|0x00000000c5900000, 0x00000000c5a00000, 0x00000000c5a00000|100%| O|  |TAMS 0x00000000c5a00000, 0x00000000c5900000| Untracked 
|  18|0x00000000c5a00000, 0x00000000c5b00000, 0x00000000c5b00000|100%| O|  |TAMS 0x00000000c5b00000, 0x00000000c5a00000| Untracked 
|  19|0x00000000c5b00000, 0x00000000c5c00000, 0x00000000c5c00000|100%| O|  |TAMS 0x00000000c5c00000, 0x00000000c5b00000| Untracked 
|  20|0x00000000c5c00000, 0x00000000c5d00000, 0x00000000c5d00000|100%| O|  |TAMS 0x00000000c5d00000, 0x00000000c5c00000| Updating 
|  21|0x00000000c5d00000, 0x00000000c5e00000, 0x00000000c5e00000|100%| O|  |TAMS 0x00000000c5e00000, 0x00000000c5d00000| Untracked 
|  22|0x00000000c5e00000, 0x00000000c5f00000, 0x00000000c5f00000|100%| O|  |TAMS 0x00000000c5f00000, 0x00000000c5e00000| Untracked 
|  23|0x00000000c5f00000, 0x00000000c6000000, 0x00000000c6000000|100%| O|  |TAMS 0x00000000c6000000, 0x00000000c5f00000| Untracked 
|  24|0x00000000c6000000, 0x00000000c6100000, 0x00000000c6100000|100%| O|  |TAMS 0x00000000c6100000, 0x00000000c6000000| Updating 
|  25|0x00000000c6100000, 0x00000000c6200000, 0x00000000c6200000|100%| O|  |TAMS 0x00000000c6200000, 0x00000000c6100000| Untracked 
|  26|0x00000000c6200000, 0x00000000c6300000, 0x00000000c6300000|100%| O|  |TAMS 0x00000000c62bf400, 0x00000000c6200000| Updating 
|  27|0x00000000c6300000, 0x00000000c6400000, 0x00000000c6400000|100%| O|  |TAMS 0x00000000c6300000, 0x00000000c6300000| Untracked 
|  28|0x00000000c6400000, 0x00000000c6449200, 0x00000000c6500000| 28%| O|  |TAMS 0x00000000c6400000, 0x00000000c6400000| Updating 
|  29|0x00000000c6500000, 0x00000000c6500000, 0x00000000c6600000|  0%| F|  |TAMS 0x00000000c6500000, 0x00000000c6500000| Untracked 
|  30|0x00000000c6600000, 0x00000000c6600000, 0x00000000c6700000|  0%| F|  |TAMS 0x00000000c6600000, 0x00000000c6600000| Untracked 
|  31|0x00000000c6700000, 0x00000000c6700000, 0x00000000c6800000|  0%| F|  |TAMS 0x00000000c6700000, 0x00000000c6700000| Untracked 
|  32|0x00000000c6800000, 0x00000000c6800000, 0x00000000c6900000|  0%| F|  |TAMS 0x00000000c6800000, 0x00000000c6800000| Untracked 
|  33|0x00000000c6900000, 0x00000000c6900000, 0x00000000c6a00000|  0%| F|  |TAMS 0x00000000c6900000, 0x00000000c6900000| Untracked 
|  34|0x00000000c6a00000, 0x00000000c6a00000, 0x00000000c6b00000|  0%| F|  |TAMS 0x00000000c6a00000, 0x00000000c6a00000| Untracked 
|  35|0x00000000c6b00000, 0x00000000c6b28c60, 0x00000000c6c00000| 15%| S|CS|TAMS 0x00000000c6b00000, 0x00000000c6b00000| Complete 
|  36|0x00000000c6c00000, 0x00000000c6c00000, 0x00000000c6d00000|  0%| F|  |TAMS 0x00000000c6c00000, 0x00000000c6c00000| Untracked 
|  37|0x00000000c6d00000, 0x00000000c6e00000, 0x00000000c6e00000|100%| S|CS|TAMS 0x00000000c6d00000, 0x00000000c6d00000| Complete 
|  38|0x00000000c6e00000, 0x00000000c6e00000, 0x00000000c6f00000|  0%| F|  |TAMS 0x00000000c6e00000, 0x00000000c6e00000| Untracked 
|  39|0x00000000c6f00000, 0x00000000c6f00000, 0x00000000c7000000|  0%| F|  |TAMS 0x00000000c6f00000, 0x00000000c6f00000| Untracked 
|  40|0x00000000c7000000, 0x00000000c7000000, 0x00000000c7100000|  0%| F|  |TAMS 0x00000000c7000000, 0x00000000c7000000| Untracked 
|  41|0x00000000c7100000, 0x00000000c7100000, 0x00000000c7200000|  0%| F|  |TAMS 0x00000000c7100000, 0x00000000c7100000| Untracked 
|  42|0x00000000c7200000, 0x00000000c7200000, 0x00000000c7300000|  0%| F|  |TAMS 0x00000000c7200000, 0x00000000c7200000| Untracked 
|  43|0x00000000c7300000, 0x00000000c7300000, 0x00000000c7400000|  0%| F|  |TAMS 0x00000000c7300000, 0x00000000c7300000| Untracked 
|  44|0x00000000c7400000, 0x00000000c7400000, 0x00000000c7500000|  0%| F|  |TAMS 0x00000000c7400000, 0x00000000c7400000| Untracked 
|  45|0x00000000c7500000, 0x00000000c7500000, 0x00000000c7600000|  0%| F|  |TAMS 0x00000000c7500000, 0x00000000c7500000| Untracked 
|  46|0x00000000c7600000, 0x00000000c7600000, 0x00000000c7700000|  0%| F|  |TAMS 0x00000000c7600000, 0x00000000c7600000| Untracked 
|  47|0x00000000c7700000, 0x00000000c7700000, 0x00000000c7800000|  0%| F|  |TAMS 0x00000000c7700000, 0x00000000c7700000| Untracked 
|  48|0x00000000c7800000, 0x00000000c7800000, 0x00000000c7900000|  0%| F|  |TAMS 0x00000000c7800000, 0x00000000c7800000| Untracked 
|  59|0x00000000c8300000, 0x00000000c83aa7c8, 0x00000000c8400000| 66%| E|  |TAMS 0x00000000c8300000, 0x00000000c8300000| Complete 

Card table byte_map: [0x000001b36ab90000,0x000001b36ad70000] _byte_map_base: 0x000001b36a56c000

Marking Bits (Prev, Next): (CMBitMap*) 0x000001b3600cb300, (CMBitMap*) 0x000001b3600cb2c0
 Prev Bits: [0x000001b36be30000, 0x000001b36cd10000)
 Next Bits: [0x000001b36af50000, 0x000001b36be30000)

Polling page: 0x000001b35df70000

Metaspace:

Usage:
  Non-class:     53.33 MB used.
      Class:      8.95 MB used.
       Both:     62.28 MB used.

Virtual space:
  Non-class space:       64.00 MB reserved,      53.69 MB ( 84%) committed,  1 nodes.
      Class space:        1.00 GB reserved,       9.25 MB ( <1%) committed,  1 nodes.
             Both:        1.06 GB reserved,      62.94 MB (  6%) committed. 

Chunk freelists:
   Non-Class:  9.53 MB
       Class:  6.69 MB
        Both:  16.22 MB

MaxMetaspaceSize: unlimited
CompressedClassSpaceSize: 1.00 GB
Initial GC threshold: 21.00 MB
Current GC threshold: 98.44 MB
CDS: on
MetaspaceReclaimPolicy: balanced
 - commit_granule_bytes: 65536.
 - commit_granule_words: 8192.
 - virtual_space_node_default_size: 8388608.
 - enlarge_chunks_in_place: 1.
 - new_chunks_are_fully_committed: 0.
 - uncommit_free_chunks: 1.
 - use_allocation_guard: 0.
 - handle_deallocations: 1.


Internal statistics:

num_allocs_failed_limit: 9.
num_arena_births: 730.
num_arena_deaths: 66.
num_vsnodes_births: 2.
num_vsnodes_deaths: 0.
num_space_committed: 1007.
num_space_uncommitted: 0.
num_chunks_returned_to_freelist: 87.
num_chunks_taken_from_freelist: 2916.
num_chunk_merges: 26.
num_chunk_splits: 2162.
num_chunks_enlarged: 1712.
num_inconsistent_stats: 0.

CodeCache: size=49152Kb used=9454Kb max_used=10437Kb free=39697Kb
 bounds [0x000001b367b90000, 0x000001b3685d0000, 0x000001b36ab90000]
 total_blobs=5870 nmethods=5197 adapters=600
 compilation: enabled
              stopped_count=0, restarted_count=0
 full_count=0

Compilation events (20 events):
Event: 26.454 Thread 0x000001b36f1a7360 5188       1       java.lang.invoke.VarHandleLongs$Array::setRelease (46 bytes)
Event: 26.455 Thread 0x000001b36f1a7360 nmethod 5188 0x000001b3684f8710 code [0x000001b3684f88e0, 0x000001b3684f8d48]
Event: 26.490 Thread 0x000001b36f1a7360 5189       1       org.springframework.boot.web.server.MimeMappings$Mapping::<init> (27 bytes)
Event: 26.491 Thread 0x000001b36f1a7360 nmethod 5189 0x000001b3684f8190 code [0x000001b3684f8340, 0x000001b3684f8618]
Event: 26.492 Thread 0x000001b36f1a7360 5190       1       org.springframework.util.ConcurrentLruCache$Node::setNext (6 bytes)
Event: 26.492 Thread 0x000001b36f1a7360 nmethod 5190 0x000001b3684f7e90 code [0x000001b3684f8020, 0x000001b3684f8138]
Event: 26.492 Thread 0x000001b36f1a7360 5191       1       org.springframework.util.ConcurrentLruCache$Node::setPrevious (6 bytes)
Event: 26.492 Thread 0x000001b36f1a7360 nmethod 5191 0x000001b3684f7b90 code [0x000001b3684f7d20, 0x000001b3684f7e38]
Event: 26.492 Thread 0x000001b36f1a7360 5193       1       java.util.concurrent.atomic.AtomicReferenceArray::get (12 bytes)
Event: 26.493 Thread 0x000001b36f1a7360 nmethod 5193 0x000001b3684f7410 code [0x000001b3684f75e0, 0x000001b3684f7988]
Event: 26.493 Thread 0x000001b36f1a7360 5192       1       org.springframework.util.ConcurrentLruCache$Node::getPrevious (5 bytes)
Event: 26.493 Thread 0x000001b36f1a7360 nmethod 5192 0x000001b3684f7110 code [0x000001b3684f72a0, 0x000001b3684f7378]
Event: 26.493 Thread 0x000001b36f1a7360 5194       1       java.lang.invoke.VarHandleGuards::guard_LI_L (89 bytes)
Event: 26.496 Thread 0x000001b36f1a7360 nmethod 5194 0x000001b3684f5b90 code [0x000001b3684f5e40, 0x000001b3684f6a48]
Event: 26.496 Thread 0x000001b36f1a7360 5195       1       java.lang.invoke.VarHandleReferences$Array::getVolatile (49 bytes)
Event: 26.497 Thread 0x000001b36f1a7360 nmethod 5195 0x000001b3684f5110 code [0x000001b3684f5300, 0x000001b3684f5888]
Event: 26.503 Thread 0x000001b36f1a7360 5196       1       org.apache.catalina.connector.Response::getCoyoteResponse (5 bytes)
Event: 26.503 Thread 0x000001b36f1a7360 nmethod 5196 0x000001b3684f4e10 code [0x000001b3684f4fa0, 0x000001b3684f5078]
Event: 26.779 Thread 0x000001b36f1a7360 5197       1       com.fasterxml.jackson.databind.JavaType::getRawClass (5 bytes)
Event: 26.779 Thread 0x000001b36f1a7360 nmethod 5197 0x000001b3684f4510 code [0x000001b3684f46a0, 0x000001b3684f4778]

GC Heap History (20 events):
Event: 8.206 GC heap before
{Heap before GC invocations=10 (full 0):
 garbage-first heap   total 51200K, used 38449K [0x00000000c4800000, 0x0000000100000000)
  region size 1024K, 22 young (22528K), 2 survivors (2048K)
 Metaspace       used 31931K, committed 32448K, reserved 1114112K
  class space    used 4484K, committed 4736K, reserved 1048576K
}
Event: 8.213 GC heap after
{Heap after GC invocations=11 (full 0):
 garbage-first heap   total 51200K, used 19001K [0x00000000c4800000, 0x0000000100000000)
  region size 1024K, 2 young (2048K), 2 survivors (2048K)
 Metaspace       used 31931K, committed 32448K, reserved 1114112K
  class space    used 4484K, committed 4736K, reserved 1048576K
}
Event: 8.870 GC heap before
{Heap before GC invocations=11 (full 0):
 garbage-first heap   total 51200K, used 33337K [0x00000000c4800000, 0x0000000100000000)
  region size 1024K, 17 young (17408K), 2 survivors (2048K)
 Metaspace       used 35656K, committed 36096K, reserved 1114112K
  class space    used 5065K, committed 5248K, reserved 1048576K
}
Event: 8.874 GC heap after
{Heap after GC invocations=12 (full 0):
 garbage-first heap   total 51200K, used 19940K [0x00000000c4800000, 0x0000000100000000)
  region size 1024K, 2 young (2048K), 2 survivors (2048K)
 Metaspace       used 35656K, committed 36096K, reserved 1114112K
  class space    used 5065K, committed 5248K, reserved 1048576K
}
Event: 10.263 GC heap before
{Heap before GC invocations=13 (full 0):
 garbage-first heap   total 51200K, used 39396K [0x00000000c4800000, 0x0000000100000000)
  region size 1024K, 21 young (21504K), 2 survivors (2048K)
 Metaspace       used 43335K, committed 43776K, reserved 1114112K
  class space    used 6056K, committed 6272K, reserved 1048576K
}
Event: 10.269 GC heap after
{Heap after GC invocations=14 (full 0):
 garbage-first heap   total 51200K, used 22139K [0x00000000c4800000, 0x0000000100000000)
  region size 1024K, 3 young (3072K), 3 survivors (3072K)
 Metaspace       used 43335K, committed 43776K, reserved 1114112K
  class space    used 6056K, committed 6272K, reserved 1048576K
}
Event: 10.919 GC heap before
{Heap before GC invocations=15 (full 0):
 garbage-first heap   total 51200K, used 38523K [0x00000000c4800000, 0x0000000100000000)
  region size 1024K, 20 young (20480K), 3 survivors (3072K)
 Metaspace       used 47536K, committed 48000K, reserved 1114112K
  class space    used 6605K, committed 6784K, reserved 1048576K
}
Event: 10.924 GC heap after
{Heap after GC invocations=16 (full 0):
 garbage-first heap   total 51200K, used 23191K [0x00000000c4800000, 0x0000000100000000)
  region size 1024K, 2 young (2048K), 2 survivors (2048K)
 Metaspace       used 47536K, committed 48000K, reserved 1114112K
  class space    used 6605K, committed 6784K, reserved 1048576K
}
Event: 11.660 GC heap before
{Heap before GC invocations=16 (full 0):
 garbage-first heap   total 51200K, used 38551K [0x00000000c4800000, 0x0000000100000000)
  region size 1024K, 18 young (18432K), 2 survivors (2048K)
 Metaspace       used 52211K, committed 52672K, reserved 1114112K
  class space    used 7485K, committed 7680K, reserved 1048576K
}
Event: 11.663 GC heap after
{Heap after GC invocations=17 (full 0):
 garbage-first heap   total 51200K, used 23646K [0x00000000c4800000, 0x0000000100000000)
  region size 1024K, 2 young (2048K), 2 survivors (2048K)
 Metaspace       used 52211K, committed 52672K, reserved 1114112K
  class space    used 7485K, committed 7680K, reserved 1048576K
}
Event: 12.354 GC heap before
{Heap before GC invocations=17 (full 0):
 garbage-first heap   total 51200K, used 40030K [0x00000000c4800000, 0x0000000100000000)
  region size 1024K, 19 young (19456K), 2 survivors (2048K)
 Metaspace       used 56061K, committed 56512K, reserved 1114112K
  class space    used 7989K, committed 8192K, reserved 1048576K
}
Event: 12.360 GC heap after
{Heap after GC invocations=18 (full 0):
 garbage-first heap   total 51200K, used 24915K [0x00000000c4800000, 0x0000000100000000)
  region size 1024K, 3 young (3072K), 3 survivors (3072K)
 Metaspace       used 56061K, committed 56512K, reserved 1114112K
  class space    used 7989K, committed 8192K, reserved 1048576K
}
Event: 12.839 GC heap before
{Heap before GC invocations=18 (full 0):
 garbage-first heap   total 51200K, used 41299K [0x00000000c4800000, 0x0000000100000000)
  region size 1024K, 19 young (19456K), 3 survivors (3072K)
 Metaspace       used 58194K, committed 58752K, reserved 1114112K
  class space    used 8343K, committed 8640K, reserved 1048576K
}
Event: 12.845 GC heap after
{Heap after GC invocations=19 (full 0):
 garbage-first heap   total 51200K, used 26052K [0x00000000c4800000, 0x0000000100000000)
  region size 1024K, 3 young (3072K), 3 survivors (3072K)
 Metaspace       used 58194K, committed 58752K, reserved 1114112K
  class space    used 8343K, committed 8640K, reserved 1048576K
}
Event: 13.295 GC heap before
{Heap before GC invocations=19 (full 0):
 garbage-first heap   total 51200K, used 40388K [0x00000000c4800000, 0x0000000100000000)
  region size 1024K, 17 young (17408K), 3 survivors (3072K)
 Metaspace       used 59688K, committed 60224K, reserved 1114112K
  class space    used 8560K, committed 8832K, reserved 1048576K
}
Event: 13.302 GC heap after
{Heap after GC invocations=20 (full 0):
 garbage-first heap   total 51200K, used 27367K [0x00000000c4800000, 0x0000000100000000)
  region size 1024K, 3 young (3072K), 3 survivors (3072K)
 Metaspace       used 59688K, committed 60224K, reserved 1114112K
  class space    used 8560K, committed 8832K, reserved 1048576K
}
Event: 13.746 GC heap before
{Heap before GC invocations=21 (full 0):
 garbage-first heap   total 51200K, used 40679K [0x00000000c4800000, 0x0000000100000000)
  region size 1024K, 16 young (16384K), 3 survivors (3072K)
 Metaspace       used 61259K, committed 61824K, reserved 1114112K
  class space    used 8840K, committed 9088K, reserved 1048576K
}
Event: 13.752 GC heap after
{Heap after GC invocations=22 (full 0):
 garbage-first heap   total 51200K, used 28984K [0x00000000c4800000, 0x0000000100000000)
  region size 1024K, 2 young (2048K), 2 survivors (2048K)
 Metaspace       used 61259K, committed 61824K, reserved 1114112K
  class space    used 8840K, committed 9088K, reserved 1048576K
}
Event: 26.561 GC heap before
{Heap before GC invocations=22 (full 0):
 garbage-first heap   total 51200K, used 40248K [0x00000000c4800000, 0x0000000100000000)
  region size 1024K, 14 young (14336K), 2 survivors (2048K)
 Metaspace       used 63660K, committed 64256K, reserved 1114112K
  class space    used 9156K, committed 9472K, reserved 1048576K
}
Event: 26.601 GC heap after
{Heap after GC invocations=23 (full 0):
 garbage-first heap   total 51200K, used 30029K [0x00000000c4800000, 0x0000000100000000)
  region size 1024K, 2 young (2048K), 2 survivors (2048K)
 Metaspace       used 63660K, committed 64256K, reserved 1114112K
  class space    used 9156K, committed 9472K, reserved 1048576K
}

Dll operation events (13 events):
Event: 0.072 Loaded shared library C:\Users\vPro\.jdks\corretto-17.0.9\bin\java.dll
Event: 0.112 Loaded shared library C:\Users\vPro\.jdks\corretto-17.0.9\bin\jsvml.dll
Event: 0.334 Loaded shared library C:\Users\vPro\.jdks\corretto-17.0.9\bin\zip.dll
Event: 0.339 Loaded shared library C:\Users\vPro\.jdks\corretto-17.0.9\bin\instrument.dll
Event: 0.348 Loaded shared library C:\Users\vPro\.jdks\corretto-17.0.9\bin\net.dll
Event: 0.351 Loaded shared library C:\Users\vPro\.jdks\corretto-17.0.9\bin\nio.dll
Event: 0.356 Loaded shared library C:\Users\vPro\.jdks\corretto-17.0.9\bin\zip.dll
Event: 0.751 Loaded shared library C:\Program Files\JetBrains\IntelliJ IDEA 2022.3.1\bin\breakgen64.dll
Event: 0.762 Loaded shared library C:\Users\vPro\.jdks\corretto-17.0.9\bin\jimage.dll
Event: 0.816 Loaded shared library C:\Users\vPro\.jdks\corretto-17.0.9\bin\management.dll
Event: 0.849 Loaded shared library C:\Users\vPro\.jdks\corretto-17.0.9\bin\management_ext.dll
Event: 7.100 Loaded shared library C:\Users\vPro\.jdks\corretto-17.0.9\bin\sunmscapi.dll
Event: 8.375 Loaded shared library C:\Users\vPro\.jdks\corretto-17.0.9\bin\verify.dll

Deoptimization events (14 events):
Event: 3.716 Thread 0x000001b36fd83eb0 DEOPT PACKING pc=0x000001b368077055 sp=0x0000004807afd1c0
Event: 3.716 Thread 0x000001b36fd83eb0 DEOPT UNPACKING pc=0x000001b367be7143 sp=0x0000004807afc668 mode 3
Event: 3.719 Thread 0x000001b36fd83eb0 DEOPT PACKING pc=0x000001b368066019 sp=0x0000004807afc580
Event: 3.719 Thread 0x000001b36fd83eb0 DEOPT UNPACKING pc=0x000001b367be7143 sp=0x0000004807afba60 mode 3
Event: 7.566 Thread 0x000001b36fd83eb0 DEOPT PACKING pc=0x000001b36803ac01 sp=0x0000004807afde10
Event: 7.566 Thread 0x000001b36fd83eb0 DEOPT UNPACKING pc=0x000001b367be7143 sp=0x0000004807afd2a0 mode 3
Event: 7.566 Thread 0x000001b36f8fd650 DEOPT PACKING pc=0x000001b367fc8d97 sp=0x0000004807dfefd0
Event: 7.566 Thread 0x000001b36f8fd650 DEOPT UNPACKING pc=0x000001b367be7143 sp=0x0000004807dfe428 mode 3
Event: 12.416 Thread 0x000001b36fd83eb0 DEOPT PACKING pc=0x000001b36804ec24 sp=0x0000004807afba50
Event: 12.416 Thread 0x000001b36fd83eb0 DEOPT UNPACKING pc=0x000001b367be7143 sp=0x0000004807afafa8 mode 0
Event: 12.773 Thread 0x000001b36fd83eb0 DEOPT PACKING pc=0x000001b368069c22 sp=0x0000004807afc8c0
Event: 12.773 Thread 0x000001b36fd83eb0 DEOPT UNPACKING pc=0x000001b367be7143 sp=0x0000004807afbdc8 mode 3
Event: 12.774 Thread 0x000001b36fd83eb0 DEOPT PACKING pc=0x000001b368045815 sp=0x0000004807afc880
Event: 12.774 Thread 0x000001b36fd83eb0 DEOPT UNPACKING pc=0x000001b367be7143 sp=0x0000004807afbdc8 mode 3

Classes unloaded (20 events):
Event: 26.884 Thread 0x000001b36f18c810 Unloading class 0x000001b3012b2000 'jdk/internal/reflect/GeneratedConstructorAccessor9'
Event: 26.884 Thread 0x000001b36f18c810 Unloading class 0x000001b3012b1c00 'jdk/internal/reflect/GeneratedConstructorAccessor8'
Event: 26.885 Thread 0x000001b36f18c810 Unloading class 0x000001b3012b1800 'jdk/internal/reflect/GeneratedConstructorAccessor7'
Event: 26.885 Thread 0x000001b36f18c810 Unloading class 0x000001b3012a4000 'jdk/internal/reflect/GeneratedConstructorAccessor6'
Event: 26.885 Thread 0x000001b36f18c810 Unloading class 0x000001b301278000 'java/lang/invoke/LambdaForm$DMH+0x000001b301278000'
Event: 26.885 Thread 0x000001b36f18c810 Unloading class 0x000001b301164c00 'java/lang/invoke/LambdaForm$DMH+0x000001b301164c00'
Event: 26.885 Thread 0x000001b36f18c810 Unloading class 0x000001b301092000 'java/lang/invoke/LambdaForm$MH+0x000001b301092000'
Event: 26.885 Thread 0x000001b36f18c810 Unloading class 0x000001b301091c00 'java/lang/invoke/LambdaForm$MH+0x000001b301091c00'
Event: 26.885 Thread 0x000001b36f18c810 Unloading class 0x000001b301091800 'java/lang/invoke/LambdaForm$MH+0x000001b301091800'
Event: 26.885 Thread 0x000001b36f18c810 Unloading class 0x000001b301091400 'java/lang/invoke/LambdaForm$MH+0x000001b301091400'
Event: 26.885 Thread 0x000001b36f18c810 Unloading class 0x000001b301091000 'java/lang/invoke/LambdaForm$MH+0x000001b301091000'
Event: 26.885 Thread 0x000001b36f18c810 Unloading class 0x000001b301090c00 'java/lang/invoke/LambdaForm$MH+0x000001b301090c00'
Event: 26.885 Thread 0x000001b36f18c810 Unloading class 0x000001b301090400 'java/lang/invoke/LambdaForm$MH+0x000001b301090400'
Event: 26.885 Thread 0x000001b36f18c810 Unloading class 0x000001b301090000 'java/lang/invoke/LambdaForm$MH+0x000001b301090000'
Event: 26.885 Thread 0x000001b36f18c810 Unloading class 0x000001b301080c00 'jdk/internal/reflect/GeneratedSerializationConstructorAccessor3'
Event: 26.885 Thread 0x000001b36f18c810 Unloading class 0x000001b301080800 'jdk/internal/reflect/GeneratedSerializationConstructorAccessor2'
Event: 26.885 Thread 0x000001b36f18c810 Unloading class 0x000001b301080400 'jdk/internal/reflect/GeneratedSerializationConstructorAccessor1'
Event: 26.885 Thread 0x000001b36f18c810 Unloading class 0x000001b301009c00 'java/lang/invoke/LambdaForm$DMH+0x000001b301009c00'
Event: 26.885 Thread 0x000001b36f18c810 Unloading class 0x000001b301008800 'java/lang/invoke/LambdaForm$DMH+0x000001b301008800'
Event: 26.885 Thread 0x000001b36f18c810 Unloading class 0x000001b301007c00 'jdk/internal/reflect/GeneratedConstructorAccessor1'

Classes redefined (0 events):
No events

Internal exceptions (20 events):
Event: 12.497 Thread 0x000001b36fd83eb0 Exception <a 'java/lang/IncompatibleClassChangeError'{0x00000000c7637678}: Found class java.lang.Object, but interface was expected> (0x00000000c7637678) 
thrown [s\src\hotspot\share\interpreter\linkResolver.cpp, line 826]
Event: 12.507 Thread 0x000001b36fd83eb0 Exception <a 'java/lang/NoSuchMethodError'{0x00000000c7682de8}: 'void java.lang.invoke.DirectMethodHandle$Holder.invokeSpecial(java.lang.Object, java.lang.Object, java.lang.Object, java.lang.Object, java.lang.Object, java.lang.Object, java.lang.Object)'> (0x00000000c7682de8) 
thrown [s\src\hotspot\share\interpreter\linkResolver.cpp, line 759]
Event: 12.638 Thread 0x000001b36fd83eb0 Exception <a 'java/lang/reflect/InvocationTargetException'{0x00000000c6f35230}> (0x00000000c6f35230) 
thrown [s\src\hotspot\share\runtime\reflection.cpp, line 1121]
Event: 12.660 Thread 0x000001b36fd83eb0 Exception <a 'java/lang/NoSuchMethodError'{0x00000000c6fd8950}: 'java.lang.Object java.lang.invoke.DirectMethodHandle$Holder.newInvokeSpecial(java.lang.Object, java.lang.Object, int)'> (0x00000000c6fd8950) 
thrown [s\src\hotspot\share\interpreter\linkResolver.cpp, line 759]
Event: 12.666 Thread 0x000001b36fd83eb0 Exception <a 'java/lang/NoSuchMethodError'{0x00000000c6ff95e0}: 'java.lang.Object java.lang.invoke.Invokers$Holder.invoke_MT(java.lang.Object, java.lang.Object, java.lang.Object, java.lang.Object, java.lang.Object, java.lang.Object, java.lang.Object, java.lang.Object, java.lang.Object)'> (0x00000000c6ff95e0) 
thrown [s\src\hotspot\share\interpreter\linkResolver.cpp, line 759]
Event: 12.672 Thread 0x000001b36fd83eb0 Exception <a 'java/lang/IncompatibleClassChangeError'{0x00000000c6e22348}: Found class java.lang.Object, but interface was expected> (0x00000000c6e22348) 
thrown [s\src\hotspot\share\interpreter\linkResolver.cpp, line 826]
Event: 12.742 Thread 0x000001b36fd83eb0 Exception <a 'java/lang/NoSuchMethodError'{0x00000000c6dae280}: 'java.lang.Object java.lang.invoke.DirectMethodHandle$Holder.invokeStatic(java.lang.Object, int, java.lang.Object)'> (0x00000000c6dae280) 
thrown [s\src\hotspot\share\interpreter\linkResolver.cpp, line 759]
Event: 12.789 Thread 0x000001b36fd83eb0 Exception <a 'sun/nio/fs/WindowsException'{0x00000000c6b81410}> (0x00000000c6b81410) 
thrown [s\src\hotspot\share\prims\jni.cpp, line 516]
Event: 13.049 Thread 0x000001b36fd83eb0 Exception <a 'java/lang/NoSuchMethodError'{0x00000000c73da960}: 'void java.lang.invoke.DirectMethodHandle$Holder.invokeVirtual(java.lang.Object, java.lang.Object, long)'> (0x00000000c73da960) 
thrown [s\src\hotspot\share\interpreter\linkResolver.cpp, line 759]
Event: 13.282 Thread 0x000001b36fd83eb0 Exception <a 'java/lang/IncompatibleClassChangeError'{0x00000000c6c80da0}: Found class java.lang.Object, but interface was expected> (0x00000000c6c80da0) 
thrown [s\src\hotspot\share\interpreter\linkResolver.cpp, line 826]
Event: 13.478 Thread 0x000001b36fd83eb0 Exception <a 'sun/nio/fs/WindowsException'{0x00000000c7458b98}> (0x00000000c7458b98) 
thrown [s\src\hotspot\share\prims\jni.cpp, line 516]
Event: 13.554 Thread 0x000001b36fd83eb0 Exception <a 'java/lang/IncompatibleClassChangeError'{0x00000000c72a2b50}: Found class java.lang.Object, but interface was expected> (0x00000000c72a2b50) 
thrown [s\src\hotspot\share\interpreter\linkResolver.cpp, line 826]
Event: 13.737 Thread 0x000001b36fd83eb0 Exception <a 'java/lang/IncompatibleClassChangeError'{0x00000000c6dd3b20}: Found class java.lang.Object, but interface was expected> (0x00000000c6dd3b20) 
thrown [s\src\hotspot\share\interpreter\linkResolver.cpp, line 826]
Event: 13.823 Thread 0x000001b36fd83eb0 Exception <a 'java/lang/NoSuchMethodError'{0x00000000c78a2a90}: 'java.lang.Object java.lang.invoke.DirectMethodHandle$Holder.newInvokeSpecial(java.lang.Object, java.lang.Object, int, java.lang.Object, java.lang.Object)'> (0x00000000c78a2a90) 
thrown [s\src\hotspot\share\interpreter\linkResolver.cpp, line 759]
Event: 13.824 Thread 0x000001b36fd83eb0 Exception <a 'java/lang/NoSuchMethodError'{0x00000000c78ae108}: 'java.lang.Object java.lang.invoke.DirectMethodHandle$Holder.invokeSpecial(java.lang.Object, java.lang.Object, int, java.lang.Object, int, java.lang.Object)'> (0x00000000c78ae108) 
thrown [s\src\hotspot\share\interpreter\linkResolver.cpp, line 759]
Event: 13.825 Thread 0x000001b36fd83eb0 Exception <a 'java/lang/NoSuchMethodError'{0x00000000c78b61c8}: 'java.lang.Object java.lang.invoke.DirectMethodHandle$Holder.newInvokeSpecial(java.lang.Object, java.lang.Object, int, java.lang.Object, int)'> (0x00000000c78b61c8) 
thrown [s\src\hotspot\share\interpreter\linkResolver.cpp, line 759]
Event: 13.825 Thread 0x000001b36fd83eb0 Exception <a 'java/lang/NoSuchMethodError'{0x00000000c78ba2c8}: 'java.lang.Object java.lang.invoke.DirectMethodHandle$Holder.invokeSpecial(java.lang.Object, java.lang.Object, java.lang.Object, int, java.lang.Object, int)'> (0x00000000c78ba2c8) 
thrown [s\src\hotspot\share\interpreter\linkResolver.cpp, line 759]
Event: 24.071 Thread 0x000001b375d589b0 Exception <a 'java/lang/NoSuchMethodError'{0x00000000c74d6528}: 'java.lang.Object java.lang.invoke.DirectMethodHandle$Holder.invokeSpecial(java.lang.Object, java.lang.Object, java.lang.Object, java.lang.Object, java.lang.Object, long)'> (0x00000000c74d6528) 
thrown [s\src\hotspot\share\interpreter\linkResolver.cpp, line 759]
Event: 24.072 Thread 0x000001b375d589b0 Exception <a 'java/lang/NoSuchMethodError'{0x00000000c74d9f68}: 'java.lang.Object java.lang.invoke.Invokers$Holder.linkToTargetMethod(java.lang.Object, java.lang.Object, java.lang.Object, long, java.lang.Object)'> (0x00000000c74d9f68) 
thrown [s\src\hotspot\share\interpreter\linkResolver.cpp, line 759]
Event: 24.843 Thread 0x000001b375d589b0 Exception <a 'java/lang/NoSuchMethodError'{0x00000000c7105020}: 'java.lang.Object java.lang.invoke.DirectMethodHandle$Holder.invokeStatic(java.lang.Object, int, int)'> (0x00000000c7105020) 
thrown [s\src\hotspot\share\interpreter\linkResolver.cpp, line 759]

VM Operations (20 events):
Event: 13.890 Executing VM operation: HandshakeAllThreads done
Event: 14.895 Executing VM operation: Cleanup
Event: 14.895 Executing VM operation: Cleanup done
Event: 24.213 Executing VM operation: HandshakeAllThreads
Event: 24.213 Executing VM operation: HandshakeAllThreads done
Event: 24.213 Executing VM operation: Cleanup
Event: 24.213 Executing VM operation: Cleanup done
Event: 25.214 Executing VM operation: Cleanup
Event: 25.215 Executing VM operation: Cleanup done
Event: 25.482 Executing VM operation: HandshakeAllThreads
Event: 25.482 Executing VM operation: HandshakeAllThreads done
Event: 25.494 Executing VM operation: HandshakeAllThreads
Event: 25.495 Executing VM operation: HandshakeAllThreads done
Event: 26.497 Executing VM operation: Cleanup
Event: 26.497 Executing VM operation: Cleanup done
Event: 26.560 Executing VM operation: G1CollectForAllocation
Event: 26.601 Executing VM operation: G1CollectForAllocation done
Event: 26.866 Executing VM operation: HandshakeAllThreads
Event: 26.866 Executing VM operation: HandshakeAllThreads done
Event: 26.882 Executing VM operation: G1PauseRemark

Events (20 events):
Event: 24.079 loading class sun/nio/cs/ThreadLocalCoders$Cache done
Event: 24.079 loading class sun/nio/cs/ThreadLocalCoders$1 done
Event: 24.079 loading class sun/nio/cs/ThreadLocalCoders$2
Event: 24.079 loading class sun/nio/cs/ThreadLocalCoders$2 done
Event: 24.847 loading class java/util/ArrayList$SubList$2
Event: 24.848 loading class java/util/ArrayList$SubList$2 done
Event: 26.291 loading class java/time/format/DateTimeFormatterBuilder$ZoneTextPrinterParser
Event: 26.292 loading class java/time/format/DateTimeFormatterBuilder$ZoneTextPrinterParser done
Event: 26.292 loading class java/time/format/DateTimeFormatterBuilder$ReducedPrinterParser
Event: 26.293 loading class java/time/format/DateTimeFormatterBuilder$ReducedPrinterParser done
Event: 26.377 loading class java/util/OptionalLong
Event: 26.378 loading class java/util/OptionalLong done
Event: 26.378 loading class java/util/OptionalDouble
Event: 26.379 loading class java/util/OptionalDouble done
Event: 26.477 loading class java/util/AbstractMap$SimpleEntry
Event: 26.477 loading class java/util/AbstractMap$SimpleEntry done
Event: 26.792 loading class java/util/stream/LongStream
Event: 26.810 loading class java/util/stream/LongStream done
Event: 26.812 loading class java/util/stream/DoubleStream
Event: 26.812 loading class java/util/stream/DoubleStream done


Dynamic libraries:
0x00007ff73e410000 - 0x00007ff73e41e000 	C:\Users\vPro\.jdks\corretto-17.0.9\bin\java.exe
0x00007ff990390000 - 0x00007ff990588000 	C:\WINDOWS\SYSTEM32\ntdll.dll
0x00007ff98efa0000 - 0x00007ff98f05d000 	C:\WINDOWS\System32\KERNEL32.DLL
0x00007ff98daa0000 - 0x00007ff98dd96000 	C:\WINDOWS\System32\KERNELBASE.dll
0x00007ff98dda0000 - 0x00007ff98dea0000 	C:\WINDOWS\System32\ucrtbase.dll
0x00007ff985e60000 - 0x00007ff985e77000 	C:\Users\vPro\.jdks\corretto-17.0.9\bin\jli.dll
0x00007ff98fb50000 - 0x00007ff98fcee000 	C:\WINDOWS\System32\USER32.dll
0x00007ff98da70000 - 0x00007ff98da92000 	C:\WINDOWS\System32\win32u.dll
0x00007ff98f6b0000 - 0x00007ff98f6dc000 	C:\WINDOWS\System32\GDI32.dll
0x00007ff98e080000 - 0x00007ff98e19a000 	C:\WINDOWS\System32\gdi32full.dll
0x00007ff98e350000 - 0x00007ff98e3ed000 	C:\WINDOWS\System32\msvcp_win.dll
0x00007ff96c340000 - 0x00007ff96c35b000 	C:\Users\vPro\.jdks\corretto-17.0.9\bin\VCRUNTIME140.dll
0x00007ff97b6c0000 - 0x00007ff97b95a000 	C:\WINDOWS\WinSxS\amd64_microsoft.windows.common-controls_6595b64144ccf1df_6.0.19041.3636_none_60b6a03d71f818d5\COMCTL32.dll
0x00007ff98fea0000 - 0x00007ff98ff3e000 	C:\WINDOWS\System32\msvcrt.dll
0x00007ff98f070000 - 0x00007ff98f0a0000 	C:\WINDOWS\System32\IMM32.DLL
0x00007ff9863b0000 - 0x00007ff9863bc000 	C:\Users\vPro\.jdks\corretto-17.0.9\bin\vcruntime140_1.dll
0x00007ff967d90000 - 0x00007ff967e1d000 	C:\Users\vPro\.jdks\corretto-17.0.9\bin\msvcp140.dll
0x00007ff921c80000 - 0x00007ff9228e1000 	C:\Users\vPro\.jdks\corretto-17.0.9\bin\server\jvm.dll
0x00007ff9902a0000 - 0x00007ff99034f000 	C:\WINDOWS\System32\ADVAPI32.dll
0x00007ff98f4e0000 - 0x00007ff98f57c000 	C:\WINDOWS\System32\sechost.dll
0x00007ff98e3f0000 - 0x00007ff98e516000 	C:\WINDOWS\System32\RPCRT4.dll
0x00007ff98cf90000 - 0x00007ff98cfdb000 	C:\WINDOWS\SYSTEM32\POWRPROF.dll
0x00007ff97b600000 - 0x00007ff97b609000 	C:\WINDOWS\SYSTEM32\WSOCK32.dll
0x00007ff98f360000 - 0x00007ff98f3cb000 	C:\WINDOWS\System32\WS2_32.dll
0x00007ff97b3d0000 - 0x00007ff97b3f7000 	C:\WINDOWS\SYSTEM32\WINMM.dll
0x00007ff985670000 - 0x00007ff98567a000 	C:\WINDOWS\SYSTEM32\VERSION.dll
0x00007ff98ce50000 - 0x00007ff98ce62000 	C:\WINDOWS\SYSTEM32\UMPDC.dll
0x00007ff98b810000 - 0x00007ff98b822000 	C:\WINDOWS\SYSTEM32\kernel.appcore.dll
0x00007ff96fed0000 - 0x00007ff96feda000 	C:\Users\vPro\.jdks\corretto-17.0.9\bin\jimage.dll
0x00007ff986b40000 - 0x00007ff986d24000 	C:\WINDOWS\SYSTEM32\DBGHELP.DLL
0x00007ff986aa0000 - 0x00007ff986ad4000 	C:\WINDOWS\SYSTEM32\dbgcore.DLL
0x00007ff98ded0000 - 0x00007ff98df52000 	C:\WINDOWS\System32\bcryptPrimitives.dll
0x00007ff985f90000 - 0x00007ff985f9e000 	C:\Users\vPro\.jdks\corretto-17.0.9\bin\instrument.dll
0x00007ff95f560000 - 0x00007ff95f585000 	C:\Users\vPro\.jdks\corretto-17.0.9\bin\java.dll
0x00007ff956a60000 - 0x00007ff956b37000 	C:\Users\vPro\.jdks\corretto-17.0.9\bin\jsvml.dll
0x00007ff98e580000 - 0x00007ff98ecc4000 	C:\WINDOWS\System32\SHELL32.dll
0x00007ff98baf0000 - 0x00007ff98c28b000 	C:\WINDOWS\SYSTEM32\windows.storage.dll
0x00007ff98ff40000 - 0x00007ff990294000 	C:\WINDOWS\System32\combase.dll
0x00007ff98d3d0000 - 0x00007ff98d3fd000 	C:\WINDOWS\SYSTEM32\Wldp.dll
0x00007ff98f430000 - 0x00007ff98f4dd000 	C:\WINDOWS\System32\SHCORE.dll
0x00007ff98e520000 - 0x00007ff98e575000 	C:\WINDOWS\System32\shlwapi.dll
0x00007ff98d9a0000 - 0x00007ff98d9c5000 	C:\WINDOWS\SYSTEM32\profapi.dll
0x00007ff965cf0000 - 0x00007ff965d08000 	C:\Users\vPro\.jdks\corretto-17.0.9\bin\zip.dll
0x00007ff96c320000 - 0x00007ff96c339000 	C:\Users\vPro\.jdks\corretto-17.0.9\bin\net.dll
0x00007ff987f60000 - 0x00007ff98806a000 	C:\WINDOWS\SYSTEM32\WINHTTP.dll
0x00007ff98d1b0000 - 0x00007ff98d21a000 	C:\WINDOWS\system32\mswsock.dll
0x00007ff9678f0000 - 0x00007ff967906000 	C:\Users\vPro\.jdks\corretto-17.0.9\bin\nio.dll
0x00007ff985ec0000 - 0x00007ff985eda000 	C:\Program Files\JetBrains\IntelliJ IDEA 2022.3.1\bin\breakgen64.dll
0x00007ff98cec0000 - 0x00007ff98cf8a000 	C:\WINDOWS\SYSTEM32\DNSAPI.dll
0x00007ff98ce70000 - 0x00007ff98ceab000 	C:\WINDOWS\SYSTEM32\IPHLPAPI.DLL
0x00007ff98f330000 - 0x00007ff98f338000 	C:\WINDOWS\System32\NSI.dll
0x00007ff9868a0000 - 0x00007ff9868aa000 	C:\Windows\System32\rasadhlp.dll
0x00007ff987800000 - 0x00007ff987880000 	C:\WINDOWS\System32\fwpuclnt.dll
0x00007ff98dea0000 - 0x00007ff98dec7000 	C:\WINDOWS\System32\bcrypt.dll
0x00007ff985f10000 - 0x00007ff985f19000 	C:\Users\vPro\.jdks\corretto-17.0.9\bin\management.dll
0x00007ff985e10000 - 0x00007ff985e1b000 	C:\Users\vPro\.jdks\corretto-17.0.9\bin\management_ext.dll
0x00007ff98f060000 - 0x00007ff98f068000 	C:\WINDOWS\System32\PSAPI.DLL
0x00007ff98d710000 - 0x00007ff98d728000 	C:\WINDOWS\SYSTEM32\CRYPTSP.dll
0x00007ff98ca90000 - 0x00007ff98cac4000 	C:\WINDOWS\system32\rsaenh.dll
0x00007ff98d920000 - 0x00007ff98d94e000 	C:\WINDOWS\SYSTEM32\USERENV.dll
0x00007ff98d340000 - 0x00007ff98d34c000 	C:\WINDOWS\SYSTEM32\CRYPTBASE.dll
0x00007ff988ce0000 - 0x00007ff988cf7000 	C:\WINDOWS\SYSTEM32\dhcpcsvc6.DLL
0x00007ff988a70000 - 0x00007ff988a8d000 	C:\WINDOWS\SYSTEM32\dhcpcsvc.DLL
0x00007ff96fe40000 - 0x00007ff96fe57000 	C:\WINDOWS\system32\napinsp.dll
0x00007ff96e390000 - 0x00007ff96e3ab000 	C:\WINDOWS\system32\pnrpnsp.dll
0x00007ff96e1f0000 - 0x00007ff96e205000 	C:\WINDOWS\system32\wshbth.dll
0x00007ff988d60000 - 0x00007ff988d7d000 	C:\WINDOWS\system32\NLAapi.dll
0x00007ff96e1d0000 - 0x00007ff96e1e2000 	C:\WINDOWS\System32\winrnr.dll
0x00007ff984870000 - 0x00007ff98487e000 	C:\Users\vPro\.jdks\corretto-17.0.9\bin\sunmscapi.dll
0x00007ff98e1f0000 - 0x00007ff98e34d000 	C:\WINDOWS\System32\CRYPT32.dll
0x00007ff98d440000 - 0x00007ff98d467000 	C:\WINDOWS\SYSTEM32\ncrypt.dll
0x00007ff98d400000 - 0x00007ff98d43b000 	C:\WINDOWS\SYSTEM32\NTASN1.dll
0x00007ff96d3c0000 - 0x00007ff96d3d0000 	C:\Users\vPro\.jdks\corretto-17.0.9\bin\verify.dll
0x00007ff970d60000 - 0x00007ff970d67000 	C:\WINDOWS\system32\wshunix.dll

dbghelp: loaded successfully - version: 4.0.5 - missing functions: none
symbol engine: initialized successfully - sym options: 0x614 - pdb path: .;C:\Users\vPro\.jdks\corretto-17.0.9\bin;C:\WINDOWS\SYSTEM32;C:\WINDOWS\WinSxS\amd64_microsoft.windows.common-controls_6595b64144ccf1df_6.0.19041.3636_none_60b6a03d71f818d5;C:\Users\vPro\.jdks\corretto-17.0.9\bin\server;C:\Program Files\JetBrains\IntelliJ IDEA 2022.3.1\bin

VM Arguments:
jvm_args: -XX:TieredStopAtLevel=1 -Dspring.output.ansi.enabled=always -Dcom.sun.management.jmxremote -Dspring.jmx.enabled=true -Dspring.liveBeansView.mbeanDomain -Dspring.application.admin.enabled=true -Dmanagement.endpoints.jmx.exposure.include=* -javaagent:C:\Program Files\JetBrains\IntelliJ IDEA 2022.3.1\lib\idea_rt.jar=49803:C:\Program Files\JetBrains\IntelliJ IDEA 2022.3.1\bin -Dfile.encoding=UTF-8 
java_command: com.example.taskmanager.TaskManagerApplication
java_class_path (initial): C:\Users\vPro\Desktop\5IIR\TaskManager\target\classes;C:\Users\vPro\.m2\repository\org\springframework\boot\spring-boot-starter-data-jdbc\3.1.5\spring-boot-starter-data-jdbc-3.1.5.jar;C:\Users\vPro\.m2\repository\org\springframework\boot\spring-boot-starter-jdbc\3.1.5\spring-boot-starter-jdbc-3.1.5.jar;C:\Users\vPro\.m2\repository\com\zaxxer\HikariCP\5.0.1\HikariCP-5.0.1.jar;C:\Users\vPro\.m2\repository\org\springframework\spring-jdbc\6.0.13\spring-jdbc-6.0.13.jar;C:\Users\vPro\.m2\repository\org\springframework\data\spring-data-jdbc\3.1.5\spring-data-jdbc-3.1.5.jar;C:\Users\vPro\.m2\repository\org\springframework\data\spring-data-relational\3.1.5\spring-data-relational-3.1.5.jar;C:\Users\vPro\.m2\repository\org\springframework\data\spring-data-commons\3.1.5\spring-data-commons-3.1.5.jar;C:\Users\vPro\.m2\repository\org\springframework\spring-tx\6.0.13\spring-tx-6.0.13.jar;C:\Users\vPro\.m2\repository\org\springframework\spring-context\6.0.13\spring-context-6.0.13.jar;C:\Users\vPro\.m2\repository\org\springframework\spring-beans\6.0.13\spring-beans-6.0.13.jar;C:\Users\vPro\.m2\repository\org\slf4j\slf4j-api\2.0.9\slf4j-api-2.0.9.jar;C:\Users\vPro\.m2\repository\org\springframework\boot\spring-boot-starter-data-jpa\3.1.5\spring-boot-starter-data-jpa-3.1.5.jar;C:\Users\vPro\.m2\repository\org\springframework\boot\spring-boot-starter-aop\3.1.5\spring-boot-starter-aop-3.1.5.jar;C:\Users\vPro\.m2\repository\org\springframework\spring-aop\6.0.13\spring-aop-6.0.13.jar;C:\Users\vPro\.m2\repository\org\aspectj\aspectjweaver\1.9.20\aspectjweaver-1.9.20.jar;C:\Users\vPro\.m2\repository\org\hibernate\orm\hibernate-core\6.2.13.Final\hibernate-core-6.2.13.Final.jar;C:\Users\vPro\.m2\repository\jakarta\persistence\jakarta.persistence-api\3.1.0\jakarta.persistence-api-3.1.0.jar;C:\Users\vPro\.m2\repository\jakarta\transaction\jakarta.transaction-api\2.0.1\jakarta.transaction-api-2.0.1.jar;C:\Users\vPro\.m2\repository\org\jboss\logging\jboss-logging\3.5.
Launcher Type: SUN_STANDARD

[Global flags]
     intx CICompilerCount                          = 3                                         {product} {ergonomic}
     uint ConcGCThreads                            = 1                                         {product} {ergonomic}
     uint G1ConcRefinementThreads                  = 4                                         {product} {ergonomic}
   size_t G1HeapRegionSize                         = 1048576                                   {product} {ergonomic}
    uintx GCDrainStackTargetSize                   = 64                                        {product} {ergonomic}
   size_t InitialHeapSize                          = 62914560                                  {product} {ergonomic}
     bool ManagementServer                         = true                                      {product} {command line}
   size_t MarkStackSize                            = 4194304                                   {product} {ergonomic}
   size_t MaxHeapSize                              = 998244352                                 {product} {ergonomic}
   size_t MaxNewSize                               = 598736896                                 {product} {ergonomic}
   size_t MinHeapDeltaBytes                        = 1048576                                   {product} {ergonomic}
   size_t MinHeapSize                              = 8388608                                   {product} {ergonomic}
    uintx NonProfiledCodeHeapSize                  = 0                                      {pd product} {ergonomic}
     bool ProfileInterpreter                       = false                                  {pd product} {command line}
    uintx ProfiledCodeHeapSize                     = 0                                      {pd product} {ergonomic}
   size_t SoftMaxHeapSize                          = 998244352                              {manageable} {ergonomic}
     intx TieredStopAtLevel                        = 1                                         {product} {command line}
     bool UseCompressedClassPointers               = true                           {product lp64_product} {ergonomic}
     bool UseCompressedOops                        = true                           {product lp64_product} {ergonomic}
     bool UseG1GC                                  = true                                      {product} {ergonomic}
     bool UseLargePagesIndividualAllocation        = false                                  {pd product} {ergonomic}

Logging:
Log output configuration:
 #0: stdout all=warning uptime,level,tags
 #1: stderr all=off uptime,level,tags

Environment Variables:
JAVA_HOME=C:\Program Files\Java\jdk-16.0.2
PATH=C:\Program Files\Common Files\Oracle\Java\javapath;C:\Program Files (x86)\Common Files\Oracle\Java\javapath;C:\app\vPro\product\11.2.0\dbhome_1\bin;C:\Program Files (x86)\VMware\VMware Player\bin\;C:\Program Files\Microsoft\jdk-11.0.12.7-hotspot\bin;C:\Program Files\Java\jdk-13.0.2\bin;C:\oraclexe\app\oracle\product\11.2.0\server\bin;C:\WINDOWS\system32;C:\WINDOWS;C:\WINDOWS\System32\Wbem;C:\WINDOWS\System32\WindowsPowerShell\v1.0\;C:\WINDOWS\System32\OpenSSH\;C:\Program Files\Microsoft SQL Server\150\Tools\Binn\;C:\Program Files\Microsoft SQL Server\Client SDK\ODBC\170\Tools\Binn\;C:\Program Files\dotnet\;C:\Program Files (x86)\Microsoft SQL Server\150\DTS\Binn\;C:\Program Files\Azure Data Studio\bin;C:\Program Files (x86)\Microsoft SQL Server\150\Tools\Binn\;C:\Program Files\Microsoft SQL Server\150\DTS\Binn\;C:\TDM-GCC-64\bin;C:\Users\vPro\Desktop\compilation;C:\Program Files\nodejs\;C:\Program Files\Git\cmd;C:\Program Files\Docker\Docker\resources\bin;C:\Program Files\Microsoft SQL Server\140\Tools\Binn\;C:\dart\flutter\bin;C:\Program Files\MySQL\MySQL Shell 8.0\bin\;C:\Users\vPro\AppData\Local\Microsoft\WindowsApps;flutter\bin;C:\Program Files\Java\jdk-13.0.2\bin;C:\Users\vPro\.dotnet\tools;C:\Program Files\Azure Data Studio\bin;C:\Program Files\JetBrains\IntelliJ IDEA 2022.3.1\bin;C:\Users\vPro\AppData\Roaming\npm;C:\Program Files\apache-maven-3.9.2\bin;C:\Program Files\JetBrains\PyCharm 2023.1.2\bin;;C:\Users\vPro\AppData\Local\Packages\PythonSoftwareFoundation.Python.3.9_qbz5n2kfra8p0\LocalCache\local-packages\Python39\Scripts;C:\flutter\bin;C:\Users\vPro\AppData\Local\Programs\Microsoft VS Code\bin
USERNAME=vPro
OS=Windows_NT
PROCESSOR_IDENTIFIER=Intel64 Family 6 Model 60 Stepping 3, GenuineIntel
TMP=C:\Users\vPro\AppData\Local\Temp
TEMP=C:\Users\vPro\AppData\Local\Temp



Periodic native trim disabled


---------------  S Y S T E M  ---------------

OS:
 Windows 10 , 64 bit Build 19041 (10.0.19041.3636)
OS uptime: 2 days 5:56 hours
Hyper-V role detected

CPU: total 4 (initial active 4) (2 cores per cpu, 2 threads per core) family 6 model 60 stepping 3 microcode 0x27, cx8, cmov, fxsr, ht, mmx, sse, sse2, sse3, ssse3, sse4.1, sse4.2, popcnt, lzcnt, tsc, tscinvbit, avx, avx2, aes, erms, clmul, bmi1, bmi2, fma, vzeroupper, clflush, hv
Processor Information for all 4 processors :
  Max Mhz: 2601, Current Mhz: 2601, Mhz Limit: 2601

Memory: 4k page, system-wide physical 3806M (191M free)
TotalPageFile size 15582M (AvailPageFile size 4M)
current process WorkingSet (physical memory assigned to process): 157M, peak: 187M
current process commit charge ("private bytes"): 223M, peak: 227M

vm_info: OpenJDK 64-Bit Server VM (17.0.9+8-LTS) for windows-amd64 JRE (17.0.9+8-LTS), built on Oct 12 2023 16:15:33 by "Administrator" with MS VC++ 16.10 / 16.11 (VS2019)

END.
